This is pdfTeX, Version 3.14159265-2.6-1.40.17 (TeX Live 2016) (preloaded format=pdflatex 2016.5.22)  3 OCT 2017 22:45
entering extended mode
 restricted \write18 enabled.
 file:line:error style messages enabled.
 %&-line parsing enabled.
**writeup.tex
(./writeup.tex
LaTeX2e <2016/03/31>
Babel <3.9r> and hyphenation patterns for 83 language(s) loaded.
(/usr/local/texlive/2016/texmf-dist/tex/latex/base/article.cls
Document Class: article 2014/09/29 v1.4h Standard LaTeX document class
(/usr/local/texlive/2016/texmf-dist/tex/latex/base/size12.clo
File: size12.clo 2014/09/29 v1.4h Standard LaTeX file (size option)
)
\c@part=\count79
\c@section=\count80
\c@subsection=\count81
\c@subsubsection=\count82
\c@paragraph=\count83
\c@subparagraph=\count84
\c@figure=\count85
\c@table=\count86
\abovecaptionskip=\skip41
\belowcaptionskip=\skip42
\bibindent=\dimen102
)
(/usr/local/texlive/2016/texmf-dist/tex/latex/amsmath/amsmath.sty
Package: amsmath 2016/03/10 v2.15b AMS math features
\@mathmargin=\skip43

For additional information on amsmath, use the `?' option.
(/usr/local/texlive/2016/texmf-dist/tex/latex/amsmath/amstext.sty
Package: amstext 2000/06/29 v2.01 AMS text

(/usr/local/texlive/2016/texmf-dist/tex/latex/amsmath/amsgen.sty
File: amsgen.sty 1999/11/30 v2.0 generic functions
\@emptytoks=\toks14
\ex@=\dimen103
))
(/usr/local/texlive/2016/texmf-dist/tex/latex/amsmath/amsbsy.sty
Package: amsbsy 1999/11/29 v1.2d Bold Symbols
\pmbraise@=\dimen104
)
(/usr/local/texlive/2016/texmf-dist/tex/latex/amsmath/amsopn.sty
Package: amsopn 2016/03/08 v2.02 operator names
)
\inf@bad=\count87
LaTeX Info: Redefining \frac on input line 199.
\uproot@=\count88
\leftroot@=\count89
LaTeX Info: Redefining \overline on input line 297.
\classnum@=\count90
\DOTSCASE@=\count91
LaTeX Info: Redefining \ldots on input line 394.
LaTeX Info: Redefining \dots on input line 397.
LaTeX Info: Redefining \cdots on input line 518.
\Mathstrutbox@=\box26
\strutbox@=\box27
\big@size=\dimen105
LaTeX Font Info:    Redeclaring font encoding OML on input line 634.
LaTeX Font Info:    Redeclaring font encoding OMS on input line 635.
\macc@depth=\count92
\c@MaxMatrixCols=\count93
\dotsspace@=\muskip10
\c@parentequation=\count94
\dspbrk@lvl=\count95
\tag@help=\toks15
\row@=\count96
\column@=\count97
\maxfields@=\count98
\andhelp@=\toks16
\eqnshift@=\dimen106
\alignsep@=\dimen107
\tagshift@=\dimen108
\tagwidth@=\dimen109
\totwidth@=\dimen110
\lineht@=\dimen111
\@envbody=\toks17
\multlinegap=\skip44
\multlinetaggap=\skip45
\mathdisplay@stack=\toks18
LaTeX Info: Redefining \[ on input line 2739.
LaTeX Info: Redefining \] on input line 2740.
)
(/usr/local/texlive/2016/texmf-dist/tex/latex/amsfonts/amssymb.sty
Package: amssymb 2013/01/14 v3.01 AMS font symbols

(/usr/local/texlive/2016/texmf-dist/tex/latex/amsfonts/amsfonts.sty
Package: amsfonts 2013/01/14 v3.01 Basic AMSFonts support
\symAMSa=\mathgroup4
\symAMSb=\mathgroup5
LaTeX Font Info:    Overwriting math alphabet `\mathfrak' in version `bold'
(Font)                  U/euf/m/n --> U/euf/b/n on input line 106.
))
(/usr/local/texlive/2016/texmf-dist/tex/latex/amscls/amsthm.sty
Package: amsthm 2015/03/04 v2.20.2
\thm@style=\toks19
\thm@bodyfont=\toks20
\thm@headfont=\toks21
\thm@notefont=\toks22
\thm@headpunct=\toks23
\thm@preskip=\skip46
\thm@postskip=\skip47
\thm@headsep=\skip48
\dth@everypar=\toks24
)
(/usr/local/texlive/2016/texmf-dist/tex/latex/hyperref/hyperref.sty
Package: hyperref 2016/05/05 v6.83n Hypertext links for LaTeX

(/usr/local/texlive/2016/texmf-dist/tex/generic/oberdiek/hobsub-hyperref.sty
Package: hobsub-hyperref 2016/05/16 v1.14 Bundle oberdiek, subset hyperref (HO)


(/usr/local/texlive/2016/texmf-dist/tex/generic/oberdiek/hobsub-generic.sty
Package: hobsub-generic 2016/05/16 v1.14 Bundle oberdiek, subset generic (HO)
Package: hobsub 2016/05/16 v1.14 Construct package bundles (HO)
Package: infwarerr 2016/05/16 v1.4 Providing info/warning/error messages (HO)
Package: ltxcmds 2016/05/16 v1.23 LaTeX kernel commands for general use (HO)
Package: ifluatex 2016/05/16 v1.4 Provides the ifluatex switch (HO)
Package ifluatex Info: LuaTeX not detected.
Package: ifvtex 2016/05/16 v1.6 Detect VTeX and its facilities (HO)
Package ifvtex Info: VTeX not detected.
Package: intcalc 2016/05/16 v1.2 Expandable calculations with integers (HO)
Package: ifpdf 2016/05/14 v3.1 Provides the ifpdf switch
Package: etexcmds 2016/05/16 v1.6 Avoid name clashes with e-TeX commands (HO)
Package etexcmds Info: Could not find \expanded.
(etexcmds)             That can mean that you are not using pdfTeX 1.50 or
(etexcmds)             that some package has redefined \expanded.
(etexcmds)             In the latter case, load this package earlier.
Package: kvsetkeys 2016/05/16 v1.17 Key value parser (HO)
Package: kvdefinekeys 2016/05/16 v1.4 Define keys (HO)
Package: pdftexcmds 2016/05/10 v0.21 Utility functions of pdfTeX for LuaTeX (HO
)
Package pdftexcmds Info: LuaTeX not detected.
Package pdftexcmds Info: \pdf@primitive is available.
Package pdftexcmds Info: \pdf@ifprimitive is available.
Package pdftexcmds Info: \pdfdraftmode found.
Package: pdfescape 2016/05/16 v1.14 Implements pdfTeX's escape features (HO)
Package: bigintcalc 2016/05/16 v1.4 Expandable calculations on big integers (HO
)
Package: bitset 2016/05/16 v1.2 Handle bit-vector datatype (HO)
Package: uniquecounter 2016/05/16 v1.3 Provide unlimited unique counter (HO)
)
Package hobsub Info: Skipping package `hobsub' (already loaded).
Package: letltxmacro 2016/05/16 v1.5 Let assignment for LaTeX macros (HO)
Package: hopatch 2016/05/16 v1.3 Wrapper for package hooks (HO)
Package: xcolor-patch 2016/05/16 xcolor patch
Package: atveryend 2016/05/16 v1.9 Hooks at the very end of document (HO)
Package atveryend Info: \enddocument detected (standard20110627).
Package: atbegshi 2016/05/16 v1.17 At begin shipout hook (HO)
Package: refcount 2016/05/16 v3.5 Data extraction from label references (HO)
Package: hycolor 2016/05/16 v1.8 Color options for hyperref/bookmark (HO)
)
(/usr/local/texlive/2016/texmf-dist/tex/latex/graphics/keyval.sty
Package: keyval 2014/10/28 v1.15 key=value parser (DPC)
\KV@toks@=\toks25
)
(/usr/local/texlive/2016/texmf-dist/tex/generic/ifxetex/ifxetex.sty
Package: ifxetex 2010/09/12 v0.6 Provides ifxetex conditional
)
(/usr/local/texlive/2016/texmf-dist/tex/latex/oberdiek/auxhook.sty
Package: auxhook 2016/05/16 v1.4 Hooks for auxiliary files (HO)
)
(/usr/local/texlive/2016/texmf-dist/tex/latex/oberdiek/kvoptions.sty
Package: kvoptions 2016/05/16 v3.12 Key value format for package options (HO)
)
\@linkdim=\dimen112
\Hy@linkcounter=\count99
\Hy@pagecounter=\count100

(/usr/local/texlive/2016/texmf-dist/tex/latex/hyperref/pd1enc.def
File: pd1enc.def 2016/05/05 v6.83n Hyperref: PDFDocEncoding definition (HO)
)
\Hy@SavedSpaceFactor=\count101

(/usr/local/texlive/2016/texmf-dist/tex/latex/latexconfig/hyperref.cfg
File: hyperref.cfg 2002/06/06 v1.2 hyperref configuration of TeXLive
)
Package hyperref Info: Hyper figures OFF on input line 4446.
Package hyperref Info: Link nesting OFF on input line 4451.
Package hyperref Info: Hyper index ON on input line 4454.
Package hyperref Info: Plain pages OFF on input line 4461.
Package hyperref Info: Backreferencing OFF on input line 4466.
Package hyperref Info: Implicit mode ON; LaTeX internals redefined.
Package hyperref Info: Bookmarks ON on input line 4691.
\c@Hy@tempcnt=\count102

(/usr/local/texlive/2016/texmf-dist/tex/latex/url/url.sty
\Urlmuskip=\muskip11
Package: url 2013/09/16  ver 3.4  Verb mode for urls, etc.
)
LaTeX Info: Redefining \url on input line 5044.
\XeTeXLinkMargin=\dimen113
\Fld@menulength=\count103
\Field@Width=\dimen114
\Fld@charsize=\dimen115
Package hyperref Info: Hyper figures OFF on input line 6298.
Package hyperref Info: Link nesting OFF on input line 6303.
Package hyperref Info: Hyper index ON on input line 6306.
Package hyperref Info: backreferencing OFF on input line 6313.
Package hyperref Info: Link coloring OFF on input line 6318.
Package hyperref Info: Link coloring with OCG OFF on input line 6323.
Package hyperref Info: PDF/A mode OFF on input line 6328.
LaTeX Info: Redefining \ref on input line 6368.
LaTeX Info: Redefining \pageref on input line 6372.
\Hy@abspage=\count104
\c@Item=\count105
\c@Hfootnote=\count106
)

Package hyperref Message: Driver (autodetected): hpdftex.

(/usr/local/texlive/2016/texmf-dist/tex/latex/hyperref/hpdftex.def
File: hpdftex.def 2016/05/05 v6.83n Hyperref driver for pdfTeX
\Fld@listcount=\count107
\c@bookmark@seq@number=\count108

(/usr/local/texlive/2016/texmf-dist/tex/latex/oberdiek/rerunfilecheck.sty
Package: rerunfilecheck 2016/05/16 v1.8 Rerun checks for auxiliary files (HO)
Package uniquecounter Info: New unique counter `rerunfilecheck' on input line 2
82.
)
\Hy@SectionHShift=\skip49
)
(/usr/local/texlive/2016/texmf-dist/tex/latex/mnsymbol/MnSymbol.sty
Package: MnSymbol 2007/01/21 v1.4 support for the MnSymbol font

(/usr/local/texlive/2016/texmf-dist/tex/latex/base/textcomp.sty
Package: textcomp 2005/09/27 v1.99g Standard LaTeX package
Package textcomp Info: Sub-encoding information:
(textcomp)               5 = only ISO-Adobe without \textcurrency
(textcomp)               4 = 5 + \texteuro
(textcomp)               3 = 4 + \textohm
(textcomp)               2 = 3 + \textestimated + \textcurrency
(textcomp)               1 = TS1 - \textcircled - \t
(textcomp)               0 = TS1 (full)
(textcomp)             Font families with sub-encoding setting implement
(textcomp)             only a restricted character set as indicated.
(textcomp)             Family '?' is the default used for unknown fonts.
(textcomp)             See the documentation for details.
Package textcomp Info: Setting ? sub-encoding to TS1/1 on input line 79.

(/usr/local/texlive/2016/texmf-dist/tex/latex/base/ts1enc.def
File: ts1enc.def 2001/06/05 v3.0e (jk/car/fm) Standard LaTeX file
)
LaTeX Info: Redefining \oldstylenums on input line 334.
Package textcomp Info: Setting cmr sub-encoding to TS1/0 on input line 349.
Package textcomp Info: Setting cmss sub-encoding to TS1/0 on input line 350.
Package textcomp Info: Setting cmtt sub-encoding to TS1/0 on input line 351.
Package textcomp Info: Setting cmvtt sub-encoding to TS1/0 on input line 352.
Package textcomp Info: Setting cmbr sub-encoding to TS1/0 on input line 353.
Package textcomp Info: Setting cmtl sub-encoding to TS1/0 on input line 354.
Package textcomp Info: Setting ccr sub-encoding to TS1/0 on input line 355.
Package textcomp Info: Setting ptm sub-encoding to TS1/4 on input line 356.
Package textcomp Info: Setting pcr sub-encoding to TS1/4 on input line 357.
Package textcomp Info: Setting phv sub-encoding to TS1/4 on input line 358.
Package textcomp Info: Setting ppl sub-encoding to TS1/3 on input line 359.
Package textcomp Info: Setting pag sub-encoding to TS1/4 on input line 360.
Package textcomp Info: Setting pbk sub-encoding to TS1/4 on input line 361.
Package textcomp Info: Setting pnc sub-encoding to TS1/4 on input line 362.
Package textcomp Info: Setting pzc sub-encoding to TS1/4 on input line 363.
Package textcomp Info: Setting bch sub-encoding to TS1/4 on input line 364.
Package textcomp Info: Setting put sub-encoding to TS1/5 on input line 365.
Package textcomp Info: Setting uag sub-encoding to TS1/5 on input line 366.
Package textcomp Info: Setting ugq sub-encoding to TS1/5 on input line 367.
Package textcomp Info: Setting ul8 sub-encoding to TS1/4 on input line 368.
Package textcomp Info: Setting ul9 sub-encoding to TS1/4 on input line 369.
Package textcomp Info: Setting augie sub-encoding to TS1/5 on input line 370.
Package textcomp Info: Setting dayrom sub-encoding to TS1/3 on input line 371.
Package textcomp Info: Setting dayroms sub-encoding to TS1/3 on input line 372.

Package textcomp Info: Setting pxr sub-encoding to TS1/0 on input line 373.
Package textcomp Info: Setting pxss sub-encoding to TS1/0 on input line 374.
Package textcomp Info: Setting pxtt sub-encoding to TS1/0 on input line 375.
Package textcomp Info: Setting txr sub-encoding to TS1/0 on input line 376.
Package textcomp Info: Setting txss sub-encoding to TS1/0 on input line 377.
Package textcomp Info: Setting txtt sub-encoding to TS1/0 on input line 378.
Package textcomp Info: Setting lmr sub-encoding to TS1/0 on input line 379.
Package textcomp Info: Setting lmdh sub-encoding to TS1/0 on input line 380.
Package textcomp Info: Setting lmss sub-encoding to TS1/0 on input line 381.
Package textcomp Info: Setting lmssq sub-encoding to TS1/0 on input line 382.
Package textcomp Info: Setting lmvtt sub-encoding to TS1/0 on input line 383.
Package textcomp Info: Setting lmtt sub-encoding to TS1/0 on input line 384.
Package textcomp Info: Setting qhv sub-encoding to TS1/0 on input line 385.
Package textcomp Info: Setting qag sub-encoding to TS1/0 on input line 386.
Package textcomp Info: Setting qbk sub-encoding to TS1/0 on input line 387.
Package textcomp Info: Setting qcr sub-encoding to TS1/0 on input line 388.
Package textcomp Info: Setting qcs sub-encoding to TS1/0 on input line 389.
Package textcomp Info: Setting qpl sub-encoding to TS1/0 on input line 390.
Package textcomp Info: Setting qtm sub-encoding to TS1/0 on input line 391.
Package textcomp Info: Setting qzc sub-encoding to TS1/0 on input line 392.
Package textcomp Info: Setting qhvc sub-encoding to TS1/0 on input line 393.
Package textcomp Info: Setting futs sub-encoding to TS1/4 on input line 394.
Package textcomp Info: Setting futx sub-encoding to TS1/4 on input line 395.
Package textcomp Info: Setting futj sub-encoding to TS1/4 on input line 396.
Package textcomp Info: Setting hlh sub-encoding to TS1/3 on input line 397.
Package textcomp Info: Setting hls sub-encoding to TS1/3 on input line 398.
Package textcomp Info: Setting hlst sub-encoding to TS1/3 on input line 399.
Package textcomp Info: Setting hlct sub-encoding to TS1/5 on input line 400.
Package textcomp Info: Setting hlx sub-encoding to TS1/5 on input line 401.
Package textcomp Info: Setting hlce sub-encoding to TS1/5 on input line 402.
Package textcomp Info: Setting hlcn sub-encoding to TS1/5 on input line 403.
Package textcomp Info: Setting hlcw sub-encoding to TS1/5 on input line 404.
Package textcomp Info: Setting hlcf sub-encoding to TS1/5 on input line 405.
Package textcomp Info: Setting pplx sub-encoding to TS1/3 on input line 406.
Package textcomp Info: Setting pplj sub-encoding to TS1/3 on input line 407.
Package textcomp Info: Setting ptmx sub-encoding to TS1/4 on input line 408.
Package textcomp Info: Setting ptmj sub-encoding to TS1/4 on input line 409.
)
LaTeX Info: Redefining \dagger on input line 84.
LaTeX Info: Redefining \ddagger on input line 84.
LaTeX Info: Redefining \mathparagraph on input line 84.
LaTeX Info: Redefining \mathsection on input line 84.
LaTeX Info: Redefining \mathdollar on input line 84.
LaTeX Info: Redefining \mathsterling on input line 84.
LaTeX Info: Redefining \yen on input line 84.
LaTeX Info: Redefining \circledR on input line 84.
LaTeX Info: Redefining \circledS on input line 84.
LaTeX Info: Redefining \Re on input line 84.
LaTeX Info: Redefining \Im on input line 84.
LaTeX Info: Redefining \dotplus on input line 84.
LaTeX Info: Redefining \thicksim on input line 84.
LaTeX Info: Redefining \thickapprox on input line 84.
LaTeX Info: Redefining \veebar on input line 84.
LaTeX Info: Redefining \barwedge on input line 84.
LaTeX Info: Redefining \doublebarwedge on input line 84.
LaTeX Info: Redefining \centerdot on input line 84.
LaTeX Info: Redefining \divideontimes on input line 84.
\symMnSyA=\mathgroup6
\symMnSyB=\mathgroup7
\symMnSyC=\mathgroup8
\symMnSyD=\mathgroup9
LaTeX Font Info:    Redeclaring symbol font `largesymbols' on input line 119.
LaTeX Font Info:    Overwriting symbol font `largesymbols' in version `normal'
(Font)                  OMX/cmex/m/n --> OMX/MnSymbolE/m/n on input line 119.
LaTeX Font Info:    Overwriting symbol font `largesymbols' in version `bold'
(Font)                  OMX/cmex/m/n --> OMX/MnSymbolE/m/n on input line 119.
LaTeX Font Info:    Redeclaring symbol font `symbols' on input line 120.
LaTeX Font Info:    Encoding `OMS' has changed to `U' for symbol font
(Font)              `symbols' in the math version `normal' on input line 120.
LaTeX Font Info:    Overwriting symbol font `symbols' in version `normal'
(Font)                  OMS/cmsy/m/n --> U/MnSymbolF/m/n on input line 120.
LaTeX Font Info:    Encoding `OMS' has changed to `U' for symbol font
(Font)              `symbols' in the math version `bold' on input line 120.
LaTeX Font Info:    Overwriting symbol font `symbols' in version `bold'
(Font)                  OMS/cmsy/b/n --> U/MnSymbolF/m/n on input line 120.
LaTeX Font Info:    Overwriting symbol font `MnSyA' in version `bold'
(Font)                  U/MnSymbolA/m/n --> U/MnSymbolA/b/n on input line 121.
LaTeX Font Info:    Overwriting symbol font `MnSyB' in version `bold'
(Font)                  U/MnSymbolB/m/n --> U/MnSymbolB/b/n on input line 122.
LaTeX Font Info:    Overwriting symbol font `MnSyC' in version `bold'
(Font)                  U/MnSymbolC/m/n --> U/MnSymbolC/b/n on input line 123.
LaTeX Font Info:    Overwriting symbol font `MnSyD' in version `bold'
(Font)                  U/MnSymbolD/m/n --> U/MnSymbolD/b/n on input line 124.
LaTeX Font Info:    Overwriting symbol font `largesymbols' in version `bold'
(Font)                  OMX/MnSymbolE/m/n --> OMX/MnSymbolE/b/n on input line 1
25.
LaTeX Font Info:    Overwriting symbol font `symbols' in version `bold'
(Font)                  U/MnSymbolF/m/n --> U/MnSymbolF/b/n on input line 126.
LaTeX Font Info:    Redeclaring math alphabet \mathcal on input line 241.
LaTeX Font Info:    Overwriting math alphabet `\mathcal' in version `bold'
(Font)                  OMS/MnSymbolS/m/n --> OMS/MnSymbolS/b/n on input line 2
41.
LaTeX Info: Redefining \longrightarrow on input line 548.
LaTeX Info: Redefining \longleftarrow on input line 549.
LaTeX Info: Redefining \longleftrightarrow on input line 550.
LaTeX Info: Redefining \Longrightarrow on input line 551.
LaTeX Info: Redefining \Longleftarrow on input line 552.
LaTeX Info: Redefining \Longleftrightarrow on input line 553.
LaTeX Info: Redefining \longmapsto on input line 554.
LaTeX Info: Redefining \vdots on input line 868.
LaTeX Font Info:    Redeclaring math symbol \braceld on input line 1721.
LaTeX Font Info:    Redeclaring math symbol \bracelu on input line 1722.
LaTeX Font Info:    Redeclaring math symbol \bracerd on input line 1723.
LaTeX Font Info:    Redeclaring math symbol \braceru on input line 1724.
LaTeX Info: Redefining \downbracefill on input line 1799.
LaTeX Info: Redefining \upbracefill on input line 1800.
LaTeX Info: Redefining \overbrace on input line 1819.
LaTeX Info: Redefining \underbrace on input line 1820.
LaTeX Info: Redefining \surd on input line 1843.
LaTeX Font Info:    Redeclaring math accent \widehat on input line 1845.
LaTeX Font Info:    Redeclaring math accent \widetilde on input line 1846.
LaTeX Font Info:    Redeclaring math accent \vec on input line 1848.
)
(/usr/local/texlive/2016/texmf-dist/tex/latex/tools/enumerate.sty
Package: enumerate 2015/07/23 v3.00 enumerate extensions (DPC)
\@enLab=\toks26
)
(/usr/local/texlive/2016/texmf-dist/tex/latex/tools/multicol.sty
Package: multicol 2016/04/07 v1.8p multicolumn formatting (FMi)
\c@tracingmulticols=\count109
\mult@box=\box28
\multicol@leftmargin=\dimen116
\c@unbalance=\count110
\c@collectmore=\count111
\doublecol@number=\count112
\multicoltolerance=\count113
\multicolpretolerance=\count114
\full@width=\dimen117
\page@free=\dimen118
\premulticols=\dimen119
\postmulticols=\dimen120
\multicolsep=\skip50
\multicolbaselineskip=\skip51
\partial@page=\box29
\last@line=\box30
\maxbalancingoverflow=\dimen121
\mult@rightbox=\box31
\mult@grightbox=\box32
\mult@gfirstbox=\box33
\mult@firstbox=\box34
\@tempa=\box35
\@tempa=\box36
\@tempa=\box37
\@tempa=\box38
\@tempa=\box39
\@tempa=\box40
\@tempa=\box41
\@tempa=\box42
\@tempa=\box43
\@tempa=\box44
\@tempa=\box45
\@tempa=\box46
\@tempa=\box47
\@tempa=\box48
\@tempa=\box49
\@tempa=\box50
\@tempa=\box51
\c@columnbadness=\count115
\c@finalcolumnbadness=\count116
\last@try=\dimen122
\multicolovershoot=\dimen123
\multicolundershoot=\dimen124
\mult@nat@firstbox=\box52
\colbreak@box=\box53
\mc@col@check@num=\count117
)
(/usr/local/texlive/2016/texmf-dist/tex/latex/algorithmicx/algpseudocode.sty
Package: algpseudocode 

(/usr/local/texlive/2016/texmf-dist/tex/latex/base/ifthen.sty
Package: ifthen 2014/09/29 v1.1c Standard LaTeX ifthen package (DPC)
)
(/usr/local/texlive/2016/texmf-dist/tex/latex/algorithmicx/algorithmicx.sty
Package: algorithmicx 2005/04/27 v1.2 Algorithmicx

Document Style algorithmicx 1.2 - a greatly improved `algorithmic' style
\c@ALG@line=\count118
\c@ALG@rem=\count119
\c@ALG@nested=\count120
\ALG@tlm=\skip52
\ALG@thistlm=\skip53
\c@ALG@Lnr=\count121
\c@ALG@blocknr=\count122
\c@ALG@storecount=\count123
\c@ALG@tmpcounter=\count124
\ALG@tmplength=\skip54
)
Document Style - pseudocode environments for use with the `algorithmicx' style
) (/usr/local/texlive/2016/texmf-dist/tex/latex/algorithms/algorithm.sty
Package: algorithm 2009/08/24 v0.1 Document Style `algorithm' - floating enviro
nment

(/usr/local/texlive/2016/texmf-dist/tex/latex/float/float.sty
Package: float 2001/11/08 v1.3d Float enhancements (AL)
\c@float@type=\count125
\float@exts=\toks27
\float@box=\box54
\@float@everytoks=\toks28
\@floatcapt=\box55
)
\@float@every@algorithm=\toks29
\c@algorithm=\count126
)
(/usr/local/texlive/2016/texmf-dist/tex/latex/graphics/graphicx.sty
Package: graphicx 2014/10/28 v1.0g Enhanced LaTeX Graphics (DPC,SPQR)

(/usr/local/texlive/2016/texmf-dist/tex/latex/graphics/graphics.sty
Package: graphics 2016/05/09 v1.0r Standard LaTeX Graphics (DPC,SPQR)

(/usr/local/texlive/2016/texmf-dist/tex/latex/graphics/trig.sty
Package: trig 2016/01/03 v1.10 sin cos tan (DPC)
)
(/usr/local/texlive/2016/texmf-dist/tex/latex/graphics-cfg/graphics.cfg
File: graphics.cfg 2016/01/02 v1.10 sample graphics configuration
)
Package graphics Info: Driver file: pdftex.def on input line 96.

(/usr/local/texlive/2016/texmf-dist/tex/latex/pdftex-def/pdftex.def
File: pdftex.def 2011/05/27 v0.06d Graphics/color for pdfTeX
\Gread@gobject=\count127
))
\Gin@req@height=\dimen125
\Gin@req@width=\dimen126
)
(/usr/local/texlive/2016/texmf-dist/tex/latex/caption/subcaption.sty
Package: subcaption 2016/02/20 v1.1-142 Sub-captions (AR)

(/usr/local/texlive/2016/texmf-dist/tex/latex/caption/caption.sty
Package: caption 2016/02/21 v3.3-144 Customizing captions (AR)

(/usr/local/texlive/2016/texmf-dist/tex/latex/caption/caption3.sty
Package: caption3 2016/02/04 v1.7-139 caption3 kernel (AR)
Package caption3 Info: TeX engine: e-TeX on input line 67.
\captionmargin=\dimen127
\captionmargin@=\dimen128
\captionwidth=\dimen129
\caption@tempdima=\dimen130
\caption@indent=\dimen131
\caption@parindent=\dimen132
\caption@hangindent=\dimen133
)
\c@ContinuedFloat=\count128
Package caption Info: float package is loaded.
Package caption Info: hyperref package is loaded.
)
\c@subfigure=\count129
\c@subtable=\count130
)
(/usr/local/texlive/2016/texmf-dist/tex/latex/listings/listings.sty
\lst@mode=\count131
\lst@gtempboxa=\box56
\lst@token=\toks30
\lst@length=\count132
\lst@currlwidth=\dimen134
\lst@column=\count133
\lst@pos=\count134
\lst@lostspace=\dimen135
\lst@width=\dimen136
\lst@newlines=\count135
\lst@lineno=\count136
\lst@maxwidth=\dimen137

(/usr/local/texlive/2016/texmf-dist/tex/latex/listings/lstmisc.sty
File: lstmisc.sty 2015/06/04 1.6 (Carsten Heinz)
\c@lstnumber=\count137
\lst@skipnumbers=\count138
\lst@framebox=\box57
)
(/usr/local/texlive/2016/texmf-dist/tex/latex/listings/listings.cfg
File: listings.cfg 2015/06/04 1.6 listings configuration
))
Package: listings 2015/06/04 1.6 (Carsten Heinz)

(./writeup.aux)
\openout1 = `writeup.aux'.

LaTeX Font Info:    Checking defaults for OML/cmm/m/it on input line 25.
LaTeX Font Info:    ... okay on input line 25.
LaTeX Font Info:    Checking defaults for T1/cmr/m/n on input line 25.
LaTeX Font Info:    ... okay on input line 25.
LaTeX Font Info:    Checking defaults for OT1/cmr/m/n on input line 25.
LaTeX Font Info:    ... okay on input line 25.
LaTeX Font Info:    Checking defaults for OMS/cmsy/m/n on input line 25.
LaTeX Font Info:    ... okay on input line 25.
LaTeX Font Info:    Checking defaults for OMX/cmex/m/n on input line 25.
LaTeX Font Info:    ... okay on input line 25.
LaTeX Font Info:    Checking defaults for U/cmr/m/n on input line 25.
LaTeX Font Info:    ... okay on input line 25.
LaTeX Font Info:    Checking defaults for PD1/pdf/m/n on input line 25.
LaTeX Font Info:    ... okay on input line 25.
LaTeX Font Info:    Checking defaults for TS1/cmr/m/n on input line 25.
LaTeX Font Info:    Try loading font information for TS1+cmr on input line 25.
 (/usr/local/texlive/2016/texmf-dist/tex/latex/base/ts1cmr.fd
File: ts1cmr.fd 2014/09/29 v2.5h Standard LaTeX font definitions
)
LaTeX Font Info:    ... okay on input line 25.
\AtBeginShipoutBox=\box58
Package hyperref Info: Link coloring OFF on input line 25.

(/usr/local/texlive/2016/texmf-dist/tex/latex/hyperref/nameref.sty
Package: nameref 2012/10/27 v2.43 Cross-referencing by name of section

(/usr/local/texlive/2016/texmf-dist/tex/generic/oberdiek/gettitlestring.sty
Package: gettitlestring 2016/05/16 v1.5 Cleanup title references (HO)
)
\c@section@level=\count139
)
LaTeX Info: Redefining \ref on input line 25.
LaTeX Info: Redefining \pageref on input line 25.
LaTeX Info: Redefining \nameref on input line 25.

(./writeup.out) (./writeup.out)
\@outlinefile=\write3
\openout3 = `writeup.out'.


(/usr/local/texlive/2016/texmf-dist/tex/context/base/mkii/supp-pdf.mkii
[Loading MPS to PDF converter (version 2006.09.02).]
\scratchcounter=\count140
\scratchdimen=\dimen138
\scratchbox=\box59
\nofMPsegments=\count141
\nofMParguments=\count142
\everyMPshowfont=\toks31
\MPscratchCnt=\count143
\MPscratchDim=\dimen139
\MPnumerator=\count144
\makeMPintoPDFobject=\count145
\everyMPtoPDFconversion=\toks32
) (/usr/local/texlive/2016/texmf-dist/tex/latex/oberdiek/epstopdf-base.sty
Package: epstopdf-base 2016/05/15 v2.6 Base part for package epstopdf

(/usr/local/texlive/2016/texmf-dist/tex/latex/oberdiek/grfext.sty
Package: grfext 2016/05/16 v1.2 Manage graphics extensions (HO)
)
Package grfext Info: Graphics extension search list:
(grfext)             [.png,.pdf,.jpg,.mps,.jpeg,.jbig2,.jb2,.PNG,.PDF,.JPG,.JPE
G,.JBIG2,.JB2,.eps]
(grfext)             \AppendGraphicsExtensions on input line 456.

(/usr/local/texlive/2016/texmf-dist/tex/latex/latexconfig/epstopdf-sys.cfg
File: epstopdf-sys.cfg 2010/07/13 v1.3 Configuration of (r)epstopdf for TeX Liv
e
))
Package caption Info: Begin \AtBeginDocument code.
Package caption Info: listings package is loaded.
Package caption Info: End \AtBeginDocument code.
\c@lstlisting=\count146
LaTeX Font Info:    Try loading font information for U+msa on input line 27.

(/usr/local/texlive/2016/texmf-dist/tex/latex/amsfonts/umsa.fd
File: umsa.fd 2013/01/14 v3.01 AMS symbols A
)
LaTeX Font Info:    Try loading font information for U+msb on input line 27.

(/usr/local/texlive/2016/texmf-dist/tex/latex/amsfonts/umsb.fd
File: umsb.fd 2013/01/14 v3.01 AMS symbols B
)
<figure1.png, id=56, 462.528pt x 346.896pt>
File: figure1.png Graphic file (type png)
 <use figure1.png>
Package pdftex.def Info: figure1.png used on input line 40.
(pdftex.def)             Requested size: 92.50395pt x 69.37796pt.
LaTeX Font Info:    Try loading font information for OML+cmr on input line 54.

(/usr/local/texlive/2016/texmf-dist/tex/latex/base/omlcmr.fd
File: omlcmr.fd 2014/09/29 v2.5h Standard LaTeX font definitions
)
LaTeX Font Info:    Font shape `OML/cmr/m/n' in size <12> not available
(Font)              Font shape `OML/cmm/m/it' tried instead on input line 54.
 [1

{/usr/local/texlive/2016/texmf-var/fonts/map/pdftex/updmap/pdftex.map} <./figur
e1.png>]
Overfull \hbox (25.94928pt too wide) in paragraph at lines 56--57
[][][][][][][][][][][][][][] 
 []

<b2.jpg, id=77, 1517.67pt x 2023.56pt>
File: b2.jpg Graphic file (type jpg)
 <use b2.jpg>
Package pdftex.def Info: b2.jpg used on input line 62.
(pdftex.def)             Requested size: 303.52863pt x 404.70483pt.
 [2 <./b2.jpg>]
Overfull \hbox (138.74908pt too wide) in paragraph at lines 90--91
[][][][][][][][][][][][][][][][][][][][][][][][][][][][] 
 []


Overfull \hbox (54.14923pt too wide) in paragraph at lines 94--95
[][][][][][][][][][][][][][][][][][][][][][][][][][] 
 []


Overfull \hbox (314.99878pt too wide) in paragraph at lines 98--99
[][][][][][][][][][][][][][][][][][][][][][][][][][][][][][][][][][][][][][][][
][][][][][][] 
 []

<b3.jpg, id=90, 2023.56pt x 1517.67pt>
File: b3.jpg Graphic file (type jpg)
 <use b3.jpg>
Package pdftex.def Info: b3.jpg used on input line 108.
(pdftex.def)             Requested size: 404.70483pt x 303.52863pt.

Overfull \hbox (14.70483pt too wide) in paragraph at lines 108--109
 [][] 
 []

[3]
Overfull \hbox (202.19897pt too wide) in paragraph at lines 118--119
[][][][][][][][][][][][][][][][][][][][][][][][][][][][][][][][][][] 
 []

<tanh.png, id=121, 462.528pt x 346.896pt>
File: tanh.png Graphic file (type png)
 <use tanh.png>
Package pdftex.def Info: tanh.png used on input line 130.
(pdftex.def)             Requested size: 92.50395pt x 69.37796pt.

<sig.png, id=122, 462.528pt x 346.896pt>
File: sig.png Graphic file (type png)
 <use sig.png>
Package pdftex.def Info: sig.png used on input line 135.
(pdftex.def)             Requested size: 92.50395pt x 69.37796pt.
 [4 <./b3.jpg>]
<relu.png, id=138, 462.528pt x 346.896pt>
File: relu.png Graphic file (type png)
 <use relu.png>
Package pdftex.def Info: relu.png used on input line 140.
(pdftex.def)             Requested size: 92.50395pt x 69.37796pt.

<10.png, id=139, 462.528pt x 346.896pt>
File: 10.png Graphic file (type png)
 <use 10.png>
Package pdftex.def Info: 10.png used on input line 150.
(pdftex.def)             Requested size: 92.50395pt x 69.37796pt.

<6layer10tanh.png, id=140, 462.528pt x 346.896pt>
File: 6layer10tanh.png Graphic file (type png)
 <use 6layer10tanh.png>
Package pdftex.def Info: 6layer10tanh.png used on input line 159.
(pdftex.def)             Requested size: 92.50395pt x 69.37796pt.

[5 <./tanh.png> <./sig.png> <./relu.png> <./10.png>]
<6layer10relu.png, id=154, 462.528pt x 346.896pt>
File: 6layer10relu.png Graphic file (type png)
 <use 6layer10relu.png>
Package pdftex.def Info: 6layer10relu.png used on input line 165.
(pdftex.def)             Requested size: 92.50395pt x 69.37796pt.

<20layer10relu.png, id=155, 462.528pt x 346.896pt>
File: 20layer10relu.png Graphic file (type png)
 <use 20layer10relu.png>
Package pdftex.def Info: 20layer10relu.png used on input line 174.
(pdftex.def)             Requested size: 92.50395pt x 69.37796pt.

<deep.png, id=156, 462.528pt x 346.896pt>
File: deep.png Graphic file (type png)
 <use deep.png>
Package pdftex.def Info: deep.png used on input line 180.
(pdftex.def)             Requested size: 92.50395pt x 69.37796pt.
 [6 <./6layer10tanh.png> <./6layer10relu.png> <./20layer10relu.png>]
<tandeep.png, id=167, 462.528pt x 346.896pt>
File: tandeep.png Graphic file (type png)
 <use tandeep.png>
Package pdftex.def Info: tandeep.png used on input line 186.
(pdftex.def)             Requested size: 92.50395pt x 69.37796pt.

<tandead.png, id=168, 462.528pt x 346.896pt>
File: tandead.png Graphic file (type png)
 <use tandead.png>
Package pdftex.def Info: tandead.png used on input line 195.
(pdftex.def)             Requested size: 92.50395pt x 69.37796pt.

<4layer6relu.png, id=169, 462.528pt x 346.896pt>
File: 4layer6relu.png Graphic file (type png)
 <use 4layer6relu.png>
Package pdftex.def Info: 4layer6relu.png used on input line 202.
(pdftex.def)             Requested size: 92.50395pt x 69.37796pt.
 [7 <./deep.png> <./tandeep.png> <./tandead.png>]
<4layer6tanh.png, id=181, 462.528pt x 346.896pt>
File: 4layer6tanh.png Graphic file (type png)
 <use 4layer6tanh.png>
Package pdftex.def Info: 4layer6tanh.png used on input line 208.
(pdftex.def)             Requested size: 92.50395pt x 69.37796pt.

<6lossmax.png, id=182, 839.135pt x 413.545pt>
File: 6lossmax.png Graphic file (type png)
 <use 6lossmax.png>
Package pdftex.def Info: 6lossmax.png used on input line 230.
(pdftex.def)             Requested size: 335.64804pt x 165.41505pt.
 [8 <./4layer6relu.png> <./4layer6tanh.png>] <bmean.png, id=191, 347.2975pt x 2
68.00125pt>
File: bmean.png Graphic file (type png)

<use bmean.png>
Package pdftex.def Info: bmean.png used on input line 239.
(pdftex.def)             Requested size: 104.19005pt x 80.40099pt.
 <bmax1.png, id=192, 696.6025pt x 490.83376pt>
File: bmax1.png Graphic file (type png)
 <use bmax1.png>
Package pdftex.def Info: bmax1.png used on input line 250.
(pdftex.def)             Requested size: 208.98236pt x 147.25125pt.

<bmax2.png, id=193, 710.655pt x 492.84125pt>
File: bmax2.png Graphic file (type png)
 <use bmax2.png>
Package pdftex.def Info: bmax2.png used on input line 255.
(pdftex.def)             Requested size: 213.19814pt x 147.8535pt.
 [9 <./6lossmax.png> <./bmean.png> <./bmax1.png>] <bmax3.png, id=204, 699.61375
pt x 499.8675pt>
File: bmax3.png Graphic file (type png)

<use bmax3.png>
Package pdftex.def Info: bmax3.png used on input line 261.
(pdftex.def)             Requested size: 209.88574pt x 149.9614pt.
 <bmax4.png, id=205, 704.6325pt x 503.8825pt>
File: bmax4.png Graphic file (type png)
 <use bmax4.png>
Package pdftex.def Info: bmax4.png used on input line 267.
(pdftex.def)             Requested size: 211.39139pt x 151.16591pt.

<bmean1.png, id=206, 680.5425pt x 476.78125pt>
File: bmean1.png Graphic file (type png)
 <use bmean1.png>
Package pdftex.def Info: bmean1.png used on input line 272.
(pdftex.def)             Requested size: 204.16432pt x 143.03548pt.
 [10 <./bmax2.png> <./bmax3.png>] <beam2.png, id=215, 707.64375pt x 481.8pt>
File: beam2.png Graphic file (type png)
 <use beam2.png>
Package pdftex.def Info: beam2.png used on input line 277.
(pdftex.def)             Requested size: 212.29475pt x 144.5411pt.

[11 <./bmax4.png> <./bmean1.png>] <beam3.png, id=224, 672.5125pt x 487.8225pt>
File: beam3.png Graphic file (type png)

<use beam3.png>
Package pdftex.def Info: beam3.png used on input line 283.
(pdftex.def)             Requested size: 201.7553pt x 146.34787pt.
 <bmean4.png, id=225, 656.4525pt x 470.75874pt>
File: bmean4.png Graphic file (type png)

<use bmean4.png>
Package pdftex.def Info: bmean4.png used on input line 288.
(pdftex.def)             Requested size: 196.93727pt x 141.22871pt.
 <bmin1.png, id=226, 681.54625pt x 482.80376pt>
File: bmin1.png Graphic file (type png)

<use bmin1.png>
Package pdftex.def Info: bmin1.png used on input line 293.
(pdftex.def)             Requested size: 204.46545pt x 144.84224pt.
 <bmin2.png, id=227, 732.7375pt x 477.785pt>
File: bmin2.png Graphic file (type png)
 <use bmin2.png>
Package pdftex.def Info: bmin2.png used on input line 298.
(pdftex.def)             Requested size: 219.82294pt x 143.3366pt.

[12 <./beam2.png> <./beam3.png> <./bmean4.png>]
<bmin3.png, id=238, 666.49pt x 480.79625pt>
File: bmin3.png Graphic file (type png)
 <use bmin3.png>
Package pdftex.def Info: bmin3.png used on input line 303.
(pdftex.def)             Requested size: 199.94853pt x 144.23997pt.

<bmin4.png, id=239, 671.50874pt x 506.89375pt>
File: bmin4.png Graphic file (type png)
 <use bmin4.png>
Package pdftex.def Info: bmin4.png used on input line 308.
(pdftex.def)             Requested size: 201.45418pt x 152.06929pt.

<bst1.png, id=240, 674.52pt x 500.87125pt>
File: bst1.png Graphic file (type png)
 <use bst1.png>
Package pdftex.def Info: bst1.png used on input line 313.
(pdftex.def)             Requested size: 202.35756pt x 150.26253pt.
 [13 <./bmin1.png> <./bmin2.png> <./bmin3.png>] <bst2.png, id=252, 690.58pt x 5
00.87125pt>
File: bst2.png Graphic file (type png)

<use bst2.png>
Package pdftex.def Info: bst2.png used on input line 319.
(pdftex.def)             Requested size: 207.1756pt x 150.26253pt.
 <bst3.png, id=253, 674.52pt x 467.7475pt>
File: bst3.png Graphic file (type png)
 <use bst3.png>
Package pdftex.def Info: bst3.png used on input line 324.
(pdftex.def)             Requested size: 202.35756pt x 140.32532pt.

[14 <./bmin4.png> <./bst1.png>] <bst4.png, id=262, 672.5125pt x 464.73625pt>
File: bst4.png Graphic file (type png)

<use bst4.png>
Package pdftex.def Info: bst4.png used on input line 329.
(pdftex.def)             Requested size: 201.7553pt x 139.42194pt.
 <validation.png, id=263, 750.805pt x 539.01375pt>
File: validation.png Graphic file (type png)

<use validation.png>
Package pdftex.def Info: validation.png used on input line 336.
(pdftex.def)             Requested size: 225.24323pt x 161.70537pt.
 [15 <./bst2.png> <./bst3.png> <./bst4.png>] [16 <./validation.png>] <mean2.png
, id=302, 338.26375pt x 218.8175pt>
File: mean2.png Graphic file (type png)
 <use mean2.png>
Package pdftex.def Info: mean2.png used on input line 390.
(pdftex.def)             Requested size: 101.4799pt x 65.64575pt.

<weight.png, id=303, 682.55pt x 491.8375pt>
File: weight.png Graphic file (type png)
 <use weight.png>
Package pdftex.def Info: weight.png used on input line 395.
(pdftex.def)             Requested size: 204.76657pt x 147.55238pt.

<w2.png, id=304, 684.5575pt x 492.84125pt>
File: w2.png Graphic file (type png)
 <use w2.png>
Package pdftex.def Info: w2.png used on input line 400.
(pdftex.def)             Requested size: 205.36882pt x 147.8535pt.
 [17 <./mean2.png>]
<b1.png, id=322, 732.7375pt x 490.83376pt>
File: b1.png Graphic file (type png)
 <use b1.png>
Package pdftex.def Info: b1.png used on input line 405.
(pdftex.def)             Requested size: 219.82294pt x 147.25125pt.

<mean.png, id=323, 703.62875pt x 489.83pt>
File: mean.png Graphic file (type png)
 <use mean.png>
Package pdftex.def Info: mean.png used on input line 410.
(pdftex.def)             Requested size: 211.09026pt x 146.95012pt.
 [18 <./weight.png> <./w2.png>] <mean3.png, id=332, 685.56125pt x 482.80376pt>
File: mean3.png Graphic file (type png)
 <use mean3.png>
Package pdftex.def Info: mean3.png used on input line 415.
(pdftex.def)             Requested size: 205.66995pt x 144.84224pt.

<mean4.png, id=333, 683.55376pt x 250.9375pt>
File: mean4.png Graphic file (type png)
 <use mean4.png>
Package pdftex.def Info: mean4.png used on input line 420.
(pdftex.def)             Requested size: 205.0677pt x 75.28181pt.
 [19 <./b1.png> <./mean.png>] <min.png, id=343, 670.505pt x 461.725pt>
File: min.png Graphic file (type png)
 <use min.png>
Package pdftex.def Info: min.png used on input line 425.
(pdftex.def)             Requested size: 201.15305pt x 138.51857pt.

<min2.png, id=344, 708.6475pt x 484.81125pt>
File: min2.png Graphic file (type png)
 <use min2.png>
Package pdftex.def Info: min2.png used on input line 430.
(pdftex.def)             Requested size: 212.59589pt x 145.44449pt.

<min3.png, id=345, 684.5575pt x 500.87125pt>
File: min3.png Graphic file (type png)
 <use min3.png>
Package pdftex.def Info: min3.png used on input line 435.
(pdftex.def)             Requested size: 205.36882pt x 150.26253pt.
 [20 <./mean3.png> <./mean4.png> <./min.png>] <min4.png, id=356, 661.47125pt x 
266.9975pt>
File: min4.png Graphic file (type png)

<use min4.png>
Package pdftex.def Info: min4.png used on input line 440.
(pdftex.def)             Requested size: 198.4429pt x 80.09985pt.
 <st1.png, id=357, 690.58pt x 455.7025pt>
File: st1.png Graphic file (type png)
 <use st1.png>
Package pdftex.def Info: st1.png used on input line 445.
(pdftex.def)             Requested size: 207.1756pt x 136.71179pt.

<st2.png, id=358, 668.4975pt x 480.79625pt>
File: st2.png Graphic file (type png)
 <use st2.png>
Package pdftex.def Info: st2.png used on input line 450.
(pdftex.def)             Requested size: 200.5508pt x 144.23997pt.
 [21 <./min2.png> <./min3.png> <./min4.png>] <st3.png, id=369, 694.595pt x 480.
79625pt>
File: st3.png Graphic file (type png)

<use st3.png>
Package pdftex.def Info: st3.png used on input line 455.
(pdftex.def)             Requested size: 208.38011pt x 144.23997pt.
 <st4.png, id=370, 649.42625pt x 245.91875pt>
File: st4.png Graphic file (type png)
 <use st4.png>
Package pdftex.def Info: st4.png used on input line 460.
(pdftex.def)             Requested size: 194.82938pt x 73.77618pt.

[22 <./st1.png> <./st2.png> <./st3.png>]
Package atveryend Info: Empty hook `BeforeClearDocument' on input line 465.
 [23 <./st4.png>]
Package atveryend Info: Empty hook `AfterLastShipout' on input line 465.
 (./writeup.aux)
Package atveryend Info: Executing hook `AtVeryEndDocument' on input line 465.
Package atveryend Info: Executing hook `AtEndAfterFileList' on input line 465.
Package rerunfilecheck Info: File `writeup.out' has not changed.
(rerunfilecheck)             Checksum: E111AFD1817C206149648639016BADE0;747.
Package atveryend Info: Empty hook `AtVeryVeryEnd' on input line 465.
 ) 
Here is how much of TeX's memory you used:
 11066 strings out of 493014
 162593 string characters out of 6133351
 241424 words of memory out of 5000000
 14259 multiletter control sequences out of 15000+600000
 21404 words of font info for 75 fonts, out of 8000000 for 9000
 1141 hyphenation exceptions out of 8191
 42i,7n,40p,279b,1619s stack positions out of 5000i,500n,10000p,200000b,80000s
{/usr/local/texlive/2016/texmf-dist/fonts/enc/dvips/cm-super/cm-super-ts1.enc
}{/usr/local/texlive/2016/texmf-dist/fonts/enc/dvips/mnsymbol/MnSymbolC.enc}</u
sr/local/texlive/2016/texmf-dist/fonts/type1/public/mnsymbol/MnSymbol12.pfb></u
sr/local/texlive/2016/texmf-dist/fonts/type1/public/amsfonts/cm/cmbx12.pfb></us
r/local/texlive/2016/texmf-dist/fonts/type1/public/amsfonts/cm/cmmi12.pfb></usr
/local/texlive/2016/texmf-dist/fonts/type1/public/amsfonts/cm/cmr12.pfb></usr/l
ocal/texlive/2016/texmf-dist/fonts/type1/public/amsfonts/cm/cmr17.pfb></usr/loc
al/texlive/2016/texmf-dist/fonts/type1/public/cm-super/sfrm1200.pfb>
Output written on writeup.pdf (23 pages, 4271304 bytes).
PDF statistics:
 447 PDF objects out of 1000 (max. 8388607)
 316 compressed objects within 4 object streams
 167 named destinations out of 1000 (max. 500000)
 350 words of extra memory for PDF output out of 10000 (max. 10000000)

